<?xml version="1.0" encoding="UTF-8"?>
<TestRun id="dda80f3a-42d7-4cfe-9c59-03a97dbe0550" name="game@TOSHIBA 2015-04-01 22:17:17" runUser="TOSHIBA\game" xmlns="http://microsoft.com/schemas/VisualStudio/TeamTest/2010">
  <TestSettings name="Локальные" id="f75022e1-768b-4add-842b-edbd1b735003">
    <Description>Это - параметры по умолчанию для локального тестового запуска.</Description>
    <Deployment enabled="false" runDeploymentRoot="game_TOSHIBA 2015-04-01 22_17_17">
      <DeploymentItem filename="C:\Users\game\Desktop\ОРСАПР\Motor\Motor\bin\Debug\Motor.dll" />
      <DeploymentItem filename="C:\Users\game\Desktop\ОРСАПР\Motor\TestProject1\nunit.framework.dll" />
    </Deployment>
    <Execution>
      <TestTypeSpecific />
      <AgentRule name="Execution Agents">
      </AgentRule>
    </Execution>
  </TestSettings>
  <Times creation="2015-04-01T22:17:17.6478085+06:00" queuing="2015-04-01T22:17:17.6708098+06:00" start="2015-04-01T22:17:17.6778102+06:00" finish="2015-04-01T22:17:18.1268359+06:00" />
  <ResultSummary outcome="Completed">
    <Counters total="1" executed="1" passed="1" error="0" failed="0" timeout="0" aborted="0" inconclusive="0" passedButRunAborted="0" notRunnable="0" notExecuted="0" disconnected="0" warning="0" completed="0" inProgress="0" pending="0" />
  </ResultSummary>
  <TestDefinitions>
    <UnitTest name="TestLenRotor" storage="c:\users\game\desktop\орсапр\motor\testproject1\bin\debug\testproject1.dll" id="b0528344-74ac-8e27-52dc-d5e79ca8bc3c">
      <Execution id="60aca219-1278-41bf-99d8-515d788c26a2" />
      <TestMethod codeBase="C:/Users/game/Desktop/ОРСАПР/Motor/TestProject1/bin/Debug/TestProject1.DLL" adapterTypeName="Microsoft.VisualStudio.TestTools.TestTypes.Unit.UnitTestAdapter, Microsoft.VisualStudio.QualityTools.Tips.UnitTest.Adapter, Version=10.0.0.0, Culture=neutral, PublicKeyToken=b03f5f7f11d50a3a" className="TestProject1.UnitTest2, TestProject1, Version=1.0.0.0, Culture=neutral, PublicKeyToken=null" name="TestLenRotor" />
    </UnitTest>
  </TestDefinitions>
  <TestLists>
    <TestList name="Отсутствующие в списке результаты" id="8c84fa94-04c1-424b-9868-57a2d4851a1d" />
    <TestList name="Все загруженные результаты" id="19431567-8539-422a-85d7-44ee4e166bda" />
  </TestLists>
  <TestEntries>
    <TestEntry testId="b0528344-74ac-8e27-52dc-d5e79ca8bc3c" executionId="60aca219-1278-41bf-99d8-515d788c26a2" testListId="8c84fa94-04c1-424b-9868-57a2d4851a1d" />
  </TestEntries>
  <Results>
    <UnitTestResult executionId="60aca219-1278-41bf-99d8-515d788c26a2" testId="b0528344-74ac-8e27-52dc-d5e79ca8bc3c" testName="TestLenRotor" computerName="TOSHIBA" duration="00:00:00.0237342" startTime="2015-04-01T22:17:17.6848106+06:00" endTime="2015-04-01T22:17:18.1068348+06:00" testType="13cdc9d9-ddb5-4fa4-a97d-d965ccfc6d4b" outcome="Passed" testListId="8c84fa94-04c1-424b-9868-57a2d4851a1d" relativeResultsDirectory="60aca219-1278-41bf-99d8-515d788c26a2">
    </UnitTestResult>
  </Results>
</TestRun>